<?xml version="1.0" encoding="UTF-8"?>
<!-- Generated by org.testng.reporters.JUnitReportReporter -->
<testsuite hostname="MAVBCP3294" failures="0" tests="2" name="com.maven.terrain.RecordingScript" time="47.420" errors="0" timestamp="2021-09-15T17:05:15 IST" skipped="0">
  <testcase classname="com.maven.terrain.RecordingScript" name="testParameterWithXML" time="24.533"/>
  <system-out/>
  <testcase classname="com.maven.terrain.RecordingScript" name="testParameterWithXML" time="22.887"/>
  <system-out/>
</testsuite> <!-- com.maven.terrain.RecordingScript -->
