<?xml version="1.0" encoding="UTF-8"?>
<!-- Generated by org.testng.reporters.JUnitReportReporter -->
<testsuite hostname="MAVBCP3294" failures="0" tests="2" name="com.maven.terrain.CrossBrowserScript" time="45.209" errors="0" timestamp="2021-09-15T14:39:40 IST" skipped="0">
  <testcase classname="com.maven.terrain.CrossBrowserScript" name="testParameterWithXML" time="19.442"/>
  <system-out/>
  <testcase classname="com.maven.terrain.CrossBrowserScript" name="testParameterWithXML" time="25.767"/>
  <system-out/>
</testsuite> <!-- com.maven.terrain.CrossBrowserScript -->
