<?xml version="1.0" encoding="UTF-8"?>
<!-- Generated by org.testng.reporters.JUnitReportReporter -->
<testsuite hostname="MAVBCP3294" failures="0" tests="1" name="com.maven.terrain.VerifyLogin" time="36.339" errors="0" timestamp="2021-09-15T09:54:13 IST" skipped="0">
  <testcase classname="com.maven.terrain.VerifyLogin" name="verifyValidLogin" time="36.339"/>
  <system-out/>
</testsuite> <!-- com.maven.terrain.VerifyLogin -->
