<?xml version="1.0" encoding="UTF-8"?>
<!-- Generated by org.testng.reporters.JUnitReportReporter -->
<testsuite hostname="MAVBCP3294" failures="0" tests="1" name="com.maven.terrain.Maven" time="18.955" errors="0" timestamp="2021-09-15T09:25:47 IST" skipped="0">
  <testcase classname="com.maven.terrain.Maven" name="TestMethod" time="18.955"/>
  <system-out/>
</testsuite> <!-- com.maven.terrain.Maven -->
