<?xml version="1.0" encoding="UTF-8"?>
<!-- Generated by org.testng.reporters.JUnitReportReporter -->
<testsuite skipped="0" hostname="MAVBCP3294" name="com.maven.terrain.RecordingScript" tests="2" failures="0" timestamp="2021-09-17T12:52:20 IST" time="66.189" errors="0">
  <testcase name="testParameterWithXML" time="46.242" classname="com.maven.terrain.RecordingScript"/>
  <system-out/>
  <testcase name="testParameterWithXML" time="19.947" classname="com.maven.terrain.RecordingScript"/>
  <system-out/>
</testsuite> <!-- com.maven.terrain.RecordingScript -->
